app/build/intermediates/manifest_merge_blame_file/debug/manifest-merger-blame-debug-report.txt
1<?xml version="1.0" encoding="utf-8"?>
2<manifest xmlns:android="http://schemas.android.com/apk/res/android"
3    package="com.stx.openeyes"
4    android:versionCode="1"
5    android:versionName="1.0" >
6
7    <uses-sdk
8        android:minSdkVersion="16"
8-->src/main/AndroidManifest.xml
9        android:targetSdkVersion="27" />
9-->src/main/AndroidManifest.xml
10
11    <uses-permission android:name="android.permission.INTERNET" />
11-->src/main/AndroidManifest.xml:6:5-67
11-->src/main/AndroidManifest.xml:6:22-64
12    <uses-permission android:name="android.permission.WRITE_EXTERNAL_STORAGE" />
12-->src/main/AndroidManifest.xml:7:5-81
12-->src/main/AndroidManifest.xml:7:22-78
13    <uses-permission android:name="android.permission.READ_EXTERNAL_STORAGE" />
13-->src/main/AndroidManifest.xml:8:5-80
13-->src/main/AndroidManifest.xml:8:22-77
14    <!-- 需要添加一个权限，获取网络状态 -->
15    <uses-permission android:name="android.permission.ACCESS_NETWORK_STATE" />
15-->src/main/AndroidManifest.xml:10:5-79
15-->src/main/AndroidManifest.xml:10:22-76
16
17    <application
17-->src/main/AndroidManifest.xml:12:5-55:19
18        android:name="com.stx.openeyes.MyApplication"
18-->src/main/AndroidManifest.xml:13:9-38
19        android:allowBackup="false"
19-->src/main/AndroidManifest.xml:14:9-36
20        android:debuggable="true"
21        android:icon="@drawable/ic_launcher"
21-->src/main/AndroidManifest.xml:15:9-45
22        android:label="@string/app_name"
22-->src/main/AndroidManifest.xml:16:9-41
23        android:networkSecurityConfig="@xml/network_security_config"
23-->src/main/AndroidManifest.xml:17:9-69
24        android:supportsRtl="true"
24-->src/main/AndroidManifest.xml:18:9-35
25        android:testOnly="true"
26        android:theme="@style/AppTheme" >
26-->src/main/AndroidManifest.xml:19:9-40
27        <activity android:name="com.stx.openeyes.MainActivity" />
27-->src/main/AndroidManifest.xml:22:9-50
27-->src/main/AndroidManifest.xml:22:19-47
28        <!-- 程序启动页 -->
29        <activity
29-->src/main/AndroidManifest.xml:24:9-33:20
30            android:name="com.stx.openeyes.view.activity.SpashActivity"
30-->src/main/AndroidManifest.xml:25:13-56
31            android:screenOrientation="portrait"
31-->src/main/AndroidManifest.xml:26:13-49
32            android:theme="@android:style/Theme.NoTitleBar.Fullscreen" >
32-->src/main/AndroidManifest.xml:27:13-71
33            <intent-filter>
33-->src/main/AndroidManifest.xml:28:13-32:29
34                <action android:name="android.intent.action.MAIN" />
34-->src/main/AndroidManifest.xml:29:17-69
34-->src/main/AndroidManifest.xml:29:25-66
35
36                <category android:name="android.intent.category.LAUNCHER" />
36-->src/main/AndroidManifest.xml:31:17-77
36-->src/main/AndroidManifest.xml:31:27-74
37            </intent-filter>
38        </activity>
39        <activity
39-->src/main/AndroidManifest.xml:34:9-36:52
40            android:name="com.stx.openeyes.view.activity.FunctionActivity"
40-->src/main/AndroidManifest.xml:35:13-59
41            android:screenOrientation="portrait" />
41-->src/main/AndroidManifest.xml:36:13-49
42        <!-- 注册广播 -->
43        <receiver android:name="com.stx.openeyes.receiver.NetStateReceiver" >
43-->src/main/AndroidManifest.xml:38:9-44:20
43-->src/main/AndroidManifest.xml:38:19-60
44            <intent-filter>
44-->src/main/AndroidManifest.xml:39:13-43:29
45
46                <!-- 接收网络连接改变广播 -->
47                <action android:name="android.net.conn.CONNECTIVITY_CHANGE" />
47-->src/main/AndroidManifest.xml:42:17-79
47-->src/main/AndroidManifest.xml:42:25-76
48            </intent-filter>
49        </receiver>
50
51        <activity
51-->src/main/AndroidManifest.xml:46:9-48:52
52            android:name="com.stx.openeyes.view.activity.VideoDetailActivity"
52-->src/main/AndroidManifest.xml:47:13-62
53            android:screenOrientation="portrait" />
53-->src/main/AndroidManifest.xml:48:13-49
54        <activity
54-->src/main/AndroidManifest.xml:49:9-51:52
55            android:name="com.stx.openeyes.view.activity.FindDetailActivity"
55-->src/main/AndroidManifest.xml:50:13-61
56            android:screenOrientation="portrait" />
56-->src/main/AndroidManifest.xml:51:13-49
57        <activity
57-->src/main/AndroidManifest.xml:52:9-54:53
58            android:name="com.stx.openeyes.view.activity.VideoPlayActivity"
58-->src/main/AndroidManifest.xml:53:13-60
59            android:screenOrientation="landscape" />
59-->src/main/AndroidManifest.xml:54:13-50
60    </application>
61
62</manifest>